[debug] [2023-08-12T14:12:45.993Z] ----------------------------------------------------------------------
[debug] [2023-08-12T14:12:45.999Z] Command:       C:\Program Files\nodejs\node.exe C:\Users\LENOVO\AppData\Roaming\npm\node_modules\firebase-tools\lib\bin\firebase.js init
[debug] [2023-08-12T14:12:46.000Z] CLI Version:   12.4.7
[debug] [2023-08-12T14:12:46.001Z] Platform:      win32
[debug] [2023-08-12T14:12:46.002Z] Node Version:  v18.17.0
[debug] [2023-08-12T14:12:46.005Z] Time:          Sat Aug 12 2023 16:12:46 GMT+0200 (heure d’été d’Europe centrale)
[debug] [2023-08-12T14:12:46.005Z] ----------------------------------------------------------------------
[debug] 
[debug] [2023-08-12T14:12:46.032Z] > command requires scopes: ["email","openid","https://www.googleapis.com/auth/cloudplatformprojects.readonly","https://www.googleapis.com/auth/firebase","https://www.googleapis.com/auth/cloud-platform"]
[debug] [2023-08-12T14:12:46.034Z] > authorizing via signed-in user (yahyamahdi4242@gmail.com)
[info] 
     ######## #### ########  ######## ########     ###     ######  ########
     ##        ##  ##     ## ##       ##     ##  ##   ##  ##       ##
     ######    ##  ########  ######   ########  #########  ######  ######
     ##        ##  ##    ##  ##       ##     ## ##     ##       ## ##
     ##       #### ##     ## ######## ########  ##     ##  ######  ########

You're about to initialize a Firebase project in this directory:

  C:\Users\LENOVO\Desktop\project

[info] 
=== Project Setup
[info] 
[info] First, let's associate this project directory with a Firebase project.
[info] You can create multiple project aliases by running firebase use --add, 
[info] but for now we'll just set up a default project.
[info] 
[debug] [2023-08-12T14:15:18.767Z] >>> [apiv2][query] GET https://firebase.googleapis.com/v1beta1/projects pageSize=100
[debug] [2023-08-12T14:15:23.643Z] <<< [apiv2][status] GET https://firebase.googleapis.com/v1beta1/projects 200
[debug] [2023-08-12T14:15:23.644Z] <<< [apiv2][body] GET https://firebase.googleapis.com/v1beta1/projects [omitted]
[info] i  Using project h-bacdz (H-BacDz) 
[info] 
=== Hosting Setup
[info] 
[info] Your public directory is the folder (relative to your project directory) that
[info] will contain Hosting assets to be uploaded with firebase deploy. If you
[info] have a build process for your assets, use your build's output directory.
[info] 
[info] +  Wrote public/404.html 
[debug] [2023-08-12T14:17:27.051Z] >>> [apiv2][query] GET https://www.gstatic.com/firebasejs/releases.json [none]
[debug] [2023-08-12T14:17:28.385Z] <<< [apiv2][status] GET https://www.gstatic.com/firebasejs/releases.json 200
[debug] [2023-08-12T14:17:28.386Z] <<< [apiv2][body] GET https://www.gstatic.com/firebasejs/releases.json {"current":{"version":"10.1.0","browserURL":"https://www.gstatic.com/firebasejs/10.1.0/firebase.js","packageURL":"https://www.gstatic.com/firebasejs/10.1.0/firebase.tgz"},"live":{"version":"10.1","browserURL":"https://www.gstatic.com/firebasejs/live/10.1/firebase.js","packageURL":"https://www.gstatic.com/firebasejs/live/10.1/firebase.tgz"},"components":{"analytics":"https://www.gstatic.com/firebasejs/10.1.0/firebase-analytics.js","app":"https://www.gstatic.com/firebasejs/10.1.0/firebase-app.js","app-check":"https://www.gstatic.com/firebasejs/10.1.0/firebase-app-check.js","auth":"https://www.gstatic.com/firebasejs/10.1.0/firebase-auth.js","auth/cordova":"https://www.gstatic.com/firebasejs/10.1.0/firebase-auth/cordova.js","functions":"https://www.gstatic.com/firebasejs/10.1.0/firebase-functions.js","firestore":"https://www.gstatic.com/firebasejs/10.1.0/firebase-firestore.js","firestore/lite":"https://www.gstatic.com/firebasejs/10.1.0/firebase-firestore/lite.js","installations":"https://www.gstatic.com/firebasejs/10.1.0/firebase-installations.js","storage":"https://www.gstatic.com/firebasejs/10.1.0/firebase-storage.js","performance":"https://www.gstatic.com/firebasejs/10.1.0/firebase-performance.js","remote-config":"https://www.gstatic.com/firebasejs/10.1.0/firebase-remote-config.js","messaging":"https://www.gstatic.com/firebasejs/10.1.0/firebase-messaging.js","messaging/sw":"https://www.gstatic.com/firebasejs/10.1.0/firebase-messaging/sw.js","database":"https://www.gstatic.com/firebasejs/10.1.0/firebase-database.js","firestore.memory":"https://www.gstatic.com/firebasejs/10.1.0/firebase-firestore.memory.js"}}
[info] i  Skipping write of public/index.html 
[info] 
[info] i  Didn't detect a .git folder. Assuming C:\Users\LENOVO\Desktop\project is the project root. 
[info] i  Authorizing with GitHub to upload your service account to a GitHub repository's secrets store. 
[info] 
[info] Visit this URL on this device to log in:
[info] https://github.com/login/oauth/authorize?client_id=89cf50f02ac6aaed3484&state=243146101&redirect_uri=http%3A%2F%2Flocalhost%3A9005&scope=read%3Auser%20repo%20public_repo
[info] 
[info] Waiting for authentication...
[debug] [2023-08-12T14:18:02.441Z] >>> [apiv2][query] POST https://github.com/login/oauth/access_token [none]
[debug] [2023-08-12T14:18:02.441Z] >>> [apiv2][body] POST https://github.com/login/oauth/access_token [stream]
[debug] [2023-08-12T14:18:04.356Z] <<< [apiv2][status] POST https://github.com/login/oauth/access_token 200
[debug] [2023-08-12T14:18:04.356Z] <<< [apiv2][body] POST https://github.com/login/oauth/access_token {"access_token":"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","token_type":"bearer","scope":"read:user,repo"}
[debug] [2023-08-12T14:18:04.373Z] >>> [apiv2][query] GET https://api.github.com/user [none]
[debug] [2023-08-12T14:18:06.749Z] <<< [apiv2][status] GET https://api.github.com/user 200
[debug] [2023-08-12T14:18:06.750Z] <<< [apiv2][body] GET https://api.github.com/user {"login":"YahyaMHD","id":142099296,"node_id":"U_kgDOCHhDYA","avatar_url":"https://avatars.githubusercontent.com/u/142099296?v=4","gravatar_id":"","url":"https://api.github.com/users/YahyaMHD","html_url":"https://github.com/YahyaMHD","followers_url":"https://api.github.com/users/YahyaMHD/followers","following_url":"https://api.github.com/users/YahyaMHD/following{/other_user}","gists_url":"https://api.github.com/users/YahyaMHD/gists{/gist_id}","starred_url":"https://api.github.com/users/YahyaMHD/starred{/owner}{/repo}","subscriptions_url":"https://api.github.com/users/YahyaMHD/subscriptions","organizations_url":"https://api.github.com/users/YahyaMHD/orgs","repos_url":"https://api.github.com/users/YahyaMHD/repos","events_url":"https://api.github.com/users/YahyaMHD/events{/privacy}","received_events_url":"https://api.github.com/users/YahyaMHD/received_events","type":"User","site_admin":false,"name":null,"company":null,"blog":"","location":null,"email":null,"hireable":null,"bio":null,"twitter_username":null,"public_repos":0,"public_gists":0,"followers":0,"following":0,"created_at":"2023-08-12T13:24:46Z","updated_at":"2023-08-12T13:24:46Z","private_gists":0,"total_private_repos":0,"owned_private_repos":0,"disk_usage":0,"collaborators":0,"two_factor_authentication":false,"plan":{"name":"free","space":976562499,"collaborators":0,"private_repos":10000}}
[info] 
[info] +  Success! Logged into GitHub as YahyaMHD 
[info] 
